time="2017-09-06T23:36:18+03:00" level=info msg="config file %s found!ccdash.ini"
time="2017-09-06T23:36:18+03:00" level=info msg="Start CCDash Server! Listen on port: %v :8080"
time="2017-09-06T23:36:54+03:00" level=info msg="Shutdown Server ..."
time="2017-09-06T23:36:54+03:00" level=info msg="Server exit"
 Server ..."
time="2017-09-06T23:35:22+03:00" level=info msg="Server exit"
 integer!" targetTemperature=qqq
time="2017-08-27T22:48:37+03:00" level=info msg="OK!" targetTemperature=22
time="2017-09-06T23:40:20+03:00" level=info msg="config file %s found!ccdash.ini"
time="2017-09-06T23:40:20+03:00" level=info msg="Start CCDash Server! Listen on port: %v :8080"
time="2017-09-06T23:40:26+03:00" level=info msg="OK!" targetTemperature=21
time="2017-09-06T23:40:46+03:00" level=info msg="Shutdown Server ..."
time="2017-09-06T23:40:46+03:00" level=error msg="listen error: http: Server closed\n"
time="2017-09-06T23:40:49+03:00" level=error msg="Server Shutdown error: context deadline exceeded\n"
time="2017-09-06T23:40:49+03:00" level=info msg="Server exit"
time="2017-09-06T23:43:09+03:00" level=info msg="config file %s found!ccdash.ini"
time="2017-09-06T23:43:09+03:00" level=info msg="Start CCDash Server! Listen on port: %v :8080"
time="2017-09-06T23:43:58+03:00" level=info msg="Shutdown Server ..."
time="2017-09-06T23:43:58+03:00" level=info msg="Server exit"
time="2017-09-06T23:46:34+03:00" level=info msg="config file ccdash.ini found!\n"
time="2017-09-06T23:46:34+03:00" level=info msg="Start CCDash Server! Listen on port: %s :8080"
time="2017-09-06T23:47:00+03:00" level=info msg="Shutdown Server ..."
time="2017-09-06T23:47:00+03:00" level=info msg="Server exit"
time="2017-09-06T23:48:39+03:00" level=info msg="config file ccdash.ini found!\n"
time="2017-09-06T23:48:39+03:00" level=info msg="Start CCDash Server! Listen on port: :8080\n"
time="2017-09-06T23:48:47+03:00" level=info msg="OK!" targetTemperature=22
time="2017-09-06T23:49:00+03:00" level=info msg="Shutdown Server ..."
time="2017-09-06T23:49:00+03:00" level=info msg="Server exit"
time="2017-09-07T00:02:00+03:00" level=info msg="config file ccdash.ini not exists. create default!\n"
time="2017-09-07T00:02:00+03:00" level=info msg="Start CCDash Server! Listen on port:8080"
time="2017-09-07T00:02:22+03:00" level=info msg="Shutdown Server ..."
time="2017-09-07T00:02:22+03:00" level=info msg="Server exit"
time="2017-09-07T00:45:03+03:00" level=info msg="config file ccdash.ini found!\n"
time="2017-09-07T00:45:03+03:00" level=info msg="Start CCDash Server! Listen on port:8080"
time="2017-09-07T00:45:18+03:00" level=info msg="Shutdown Server ..."
time="2017-09-07T00:45:18+03:00" level=info msg="Server exit"
time="2017-09-07T00:46:03+03:00" level=info msg="config file ccdash.ini found!\n"
time="2017-09-07T00:46:03+03:00" level=info msg="Start CCDash Server! Listen on port:8080"
time="2017-09-07T00:46:12+03:00" level=info msg="OK!" targetTemperature=22
time="2017-09-07T00:47:15+03:00" level=info msg="Shutdown Server ..."
time="2017-09-07T00:47:15+03:00" level=info msg="Server exit"
